<?xml version="1.0" encoding="UTF-8"?>
<testsuite xmlns:xsi="http://www.w3.org/2001/XMLSchema-instance" xsi:noNamespaceSchemaLocation="https://maven.apache.org/surefire/maven-surefire-plugin/xsd/surefire-test-report-3.0.xsd" version="3.0" name="ru.era.distributionoftasks.DistributionOfTasksApplicationTests" time="13.28" tests="1" errors="1" skipped="0" failures="0">
  <properties>
[...]
</properties>
  <testcase name="contextLoads" classname="ru.era.distributionoftasks.DistributionOfTasksApplicationTests" time="4.104">
    <error message="Cannot invoke &quot;String.equalsIgnoreCase(String)&quot; because the return value of &quot;ru.era.distributionoftasks.services.distributor.entity.AgencyPoint.getPointsConnected()&quot; is null" type="java.lang.NullPointerException"><![CDATA[java.lang.NullPointerException: Cannot invoke "String.equalsIgnoreCase(String)" because the return value of "ru.era.distributionoftasks.services.distributor.entity.AgencyPoint.getPointsConnected()" is null
	at ru.era.distributionoftasks.services.distributor.entity.TaskAnalyser.checkByDeliveryMaterials(TaskAnalyser.java:52)
	at ru.era.distributionoftasks.services.distributor.entity.TaskAnalyser.calcTaskForAgencyPoint(TaskAnalyser.java:17)
	at ru.era.distributionoftasks.services.distributor.ServiceTaskAssignment.calcEmployeeRoutes(ServiceTaskAssignment.java:23)
	at ru.era.distributionoftasks.services.distributor.DistributorConnector.getData(DistributorConnector.java:73)
	at ru.era.distributionoftasks.services.distributor.DistributorConnectorTest.name(DistributorConnectorTest.java:30)
	at ru.era.distributionoftasks.DistributionOfTasksApplicationTests.contextLoads(DistributionOfTasksApplicationTests.java:14)
	at java.base/jdk.internal.reflect.NativeMethodAccessorImpl.invoke0(Native Method)
	at java.base/jdk.internal.reflect.NativeMethodAccessorImpl.invoke(NativeMethodAccessorImpl.java:77)
	at java.base/jdk.internal.reflect.DelegatingMethodAccessorImpl.invoke(DelegatingMethodAccessorImpl.java:43)
	at java.base/java.lang.reflect.Method.invoke(Method.java:568)
	at org.junit.platform.commons.util.ReflectionUtils.invokeMethod(ReflectionUtils.java:727)
	at org.junit.jupiter.engine.execution.MethodInvocation.proceed(MethodInvocation.java:60)
	at org.junit.jupiter.engine.execution.InvocationInterceptorChain$ValidatingInvocation.proceed(InvocationInterceptorChain.java:131)
	at org.junit.jupiter.engine.extension.TimeoutExtension.intercept(TimeoutExtension.java:156)
	at org.junit.jupiter.engine.extension.TimeoutExtension.interceptTestableMethod(TimeoutExtension.java:147)
	at org.junit.jupiter.engine.extension.TimeoutExtension.interceptTestMethod(TimeoutExtension.java:86)
	at org.junit.jupiter.engine.execution.InterceptingExecutableInvoker$ReflectiveInterceptorCall.lambda$ofVoidMethod$0(InterceptingExecutableInvoker.java:103)
	at org.junit.jupiter.engine.execution.InterceptingExecutableInvoker.lambda$invoke$0(InterceptingExecutableInvoker.java:93)
	at org.junit.jupiter.engine.execution.InvocationInterceptorChain$InterceptedInvocation.proceed(InvocationInterceptorChain.java:106)
	at org.junit.jupiter.engine.execution.InvocationInterceptorChain.proceed(InvocationInterceptorChain.java:64)
	at org.junit.jupiter.engine.execution.InvocationInterceptorChain.chainAndInvoke(InvocationInterceptorChain.java:45)
	at org.junit.jupiter.engine.execution.InvocationInterceptorChain.invoke(InvocationInterceptorChain.java:37)
	at org.junit.jupiter.engine.execution.InterceptingExecutableInvoker.invoke(InterceptingExecutableInvoker.java:92)
	at org.junit.jupiter.engine.execution.InterceptingExecutableInvoker.invoke(InterceptingExecutableInvoker.java:86)
	at org.junit.jupiter.engine.descriptor.TestMethodTestDescriptor.lambda$invokeTestMethod$7(TestMethodTestDescriptor.java:217)
	at org.junit.platform.engine.support.hierarchical.ThrowableCollector.execute(ThrowableCollector.java:73)
	at org.junit.jupiter.engine.descriptor.TestMethodTestDescriptor.invokeTestMethod(TestMethodTestDescriptor.java:213)
	at org.junit.jupiter.engine.descriptor.TestMethodTestDescriptor.execute(TestMethodTestDescriptor.java:138)
	at org.junit.jupiter.engine.descriptor.TestMethodTestDescriptor.execute(TestMethodTestDescriptor.java:68)
	at org.junit.platform.engine.support.hierarchical.NodeTestTask.lambda$executeRecursively$6(NodeTestTask.java:151)
	at org.junit.platform.engine.support.hierarchical.ThrowableCollector.execute(ThrowableCollector.java:73)
	at org.junit.platform.engine.support.hierarchical.NodeTestTask.lambda$executeRecursively$8(NodeTestTask.java:141)
	at org.junit.platform.engine.support.hierarchical.Node.around(Node.java:137)
	at org.junit.platform.engine.support.hierarchical.NodeTestTask.lambda$executeRecursively$9(NodeTestTask.java:139)
	at org.junit.platform.engine.support.hierarchical.ThrowableCollector.execute(ThrowableCollector.java:73)
	at org.junit.platform.engine.support.hierarchical.NodeTestTask.executeRecursively(NodeTestTask.java:138)
	at org.junit.platform.engine.support.hierarchical.NodeTestTask.execute(NodeTestTask.java:95)
	at java.base/java.util.ArrayList.forEach(ArrayList.java:1511)
	at org.junit.platform.engine.support.hierarchical.SameThreadHierarchicalTestExecutorService.invokeAll(SameThreadHierarchicalTestExecutorService.java:41)
	at org.junit.platform.engine.support.hierarchical.NodeTestTask.lambda$executeRecursively$6(NodeTestTask.java:155)
	at org.junit.platform.engine.support.hierarchical.ThrowableCollector.execute(ThrowableCollector.java:73)
	at org.junit.platform.engine.support.hierarchical.NodeTestTask.lambda$executeRecursively$8(NodeTestTask.java:141)
	at org.junit.platform.engine.support.hierarchical.Node.around(Node.java:137)
	at org.junit.platform.engine.support.hierarchical.NodeTestTask.lambda$executeRecursively$9(NodeTestTask.java:139)
	at org.junit.platform.engine.support.hierarchical.ThrowableCollector.execute(ThrowableCollector.java:73)
	at org.junit.platform.engine.support.hierarchical.NodeTestTask.executeRecursively(NodeTestTask.java:138)
	at org.junit.platform.engine.support.hierarchical.NodeTestTask.execute(NodeTestTask.java:95)
	at java.base/java.util.ArrayList.forEach(ArrayList.java:1511)
	at org.junit.platform.engine.support.hierarchical.SameThreadHierarchicalTestExecutorService.invokeAll(SameThreadHierarchicalTestExecutorService.java:41)
	at org.junit.platform.engine.support.hierarchical.NodeTestTask.lambda$executeRecursively$6(NodeTestTask.java:155)
	at org.junit.platform.engine.support.hierarchical.ThrowableCollector.execute(ThrowableCollector.java:73)
	at org.junit.platform.engine.support.hierarchical.NodeTestTask.lambda$executeRecursively$8(NodeTestTask.java:141)
	at org.junit.platform.engine.support.hierarchical.Node.around(Node.java:137)
	at org.junit.platform.engine.support.hierarchical.NodeTestTask.lambda$executeRecursively$9(NodeTestTask.java:139)
	at org.junit.platform.engine.support.hierarchical.ThrowableCollector.execute(ThrowableCollector.java:73)
	at org.junit.platform.engine.support.hierarchical.NodeTestTask.executeRecursively(NodeTestTask.java:138)
	at org.junit.platform.engine.support.hierarchical.NodeTestTask.execute(NodeTestTask.java:95)
	at org.junit.platform.engine.support.hierarchical.SameThreadHierarchicalTestExecutorService.submit(SameThreadHierarchicalTestExecutorService.java:35)
	at org.junit.platform.engine.support.hierarchical.HierarchicalTestExecutor.execute(HierarchicalTestExecutor.java:57)
	at org.junit.platform.engine.support.hierarchical.HierarchicalTestEngine.execute(HierarchicalTestEngine.java:54)
	at org.junit.platform.launcher.core.EngineExecutionOrchestrator.execute(EngineExecutionOrchestrator.java:147)
	at org.junit.platform.launcher.core.EngineExecutionOrchestrator.execute(EngineExecutionOrchestrator.java:127)
	at org.junit.platform.launcher.core.EngineExecutionOrchestrator.execute(EngineExecutionOrchestrator.java:90)
	at org.junit.platform.launcher.core.EngineExecutionOrchestrator.lambda$execute$0(EngineExecutionOrchestrator.java:55)
	at org.junit.platform.launcher.core.EngineExecutionOrchestrator.withInterceptedStreams(EngineExecutionOrchestrator.java:102)
	at org.junit.platform.launcher.core.EngineExecutionOrchestrator.execute(EngineExecutionOrchestrator.java:54)
	at org.junit.platform.launcher.core.DefaultLauncher.execute(DefaultLauncher.java:114)
	at org.junit.platform.launcher.core.DefaultLauncher.execute(DefaultLauncher.java:86)
	at org.junit.platform.launcher.core.DefaultLauncherSession$DelegatingLauncher.execute(DefaultLauncherSession.java:86)
	at org.apache.maven.surefire.junitplatform.LazyLauncher.execute(LazyLauncher.java:50)
	at org.apache.maven.surefire.junitplatform.JUnitPlatformProvider.execute(JUnitPlatformProvider.java:184)
	at org.apache.maven.surefire.junitplatform.JUnitPlatformProvider.invokeAllTests(JUnitPlatformProvider.java:148)
	at org.apache.maven.surefire.junitplatform.JUnitPlatformProvider.invoke(JUnitPlatformProvider.java:122)
	at org.apache.maven.surefire.booter.ForkedBooter.runSuitesInProcess(ForkedBooter.java:385)
	at org.apache.maven.surefire.booter.ForkedBooter.execute(ForkedBooter.java:162)
	at org.apache.maven.surefire.booter.ForkedBooter.run(ForkedBooter.java:507)
	at org.apache.maven.surefire.booter.ForkedBooter.main(ForkedBooter.java:495)
]]></error>
    <system-out><![CDATA[03:53:53.424 [main] INFO org.springframework.test.context.support.AnnotationConfigContextLoaderUtils -- Could not detect default configuration classes for test class [ru.era.distributionoftasks.DistributionOfTasksApplicationTests]: DistributionOfTasksApplicationTests does not declare any static, non-private, non-final, nested classes annotated with @Configuration.
03:53:53.622 [main] INFO org.springframework.boot.test.context.SpringBootTestContextBootstrapper -- Found @SpringBootConfiguration ru.era.distributionoftasks.DistributionOfTasksApplication for test class ru.era.distributionoftasks.DistributionOfTasksApplicationTests

  .   ____          _            __ _ _
 /\\ / ___'_ __ _ _(_)_ __  __ _ \ \ \ \
( ( )\___ | '_ | '_| | '_ \/ _` | \ \ \ \
 \\/  ___)| |_)| | | | | || (_| |  ) ) ) )
  '  |____| .__|_| |_|_| |_\__, | / / / /
 =========|_|==============|___/=/_/_/_/
 :: Spring Boot ::                (v3.1.5)

2023-11-12T03:53:54.371+03:00  INFO 7550 --- [           main] .e.d.DistributionOfTasksApplicationTests : Starting DistributionOfTasksApplicationTests using Java 17.0.9 with PID 7550 (started by vboxuser in /home/vboxuser/tests/hacaton/distribution-of-tasks)
2023-11-12T03:53:54.374+03:00  INFO 7550 --- [           main] .e.d.DistributionOfTasksApplicationTests : No active profile set, falling back to 1 default profile: "default"
2023-11-12T03:53:55.642+03:00  INFO 7550 --- [           main] .s.d.r.c.RepositoryConfigurationDelegate : Bootstrapping Spring Data JPA repositories in DEFAULT mode.
2023-11-12T03:53:55.750+03:00  INFO 7550 --- [           main] .s.d.r.c.RepositoryConfigurationDelegate : Finished Spring Data repository scanning in 91 ms. Found 5 JPA repository interfaces.
2023-11-12T03:53:56.651+03:00  INFO 7550 --- [           main] o.f.c.internal.license.VersionPrinter    : Flyway Community Edition 9.16.3 by Redgate
2023-11-12T03:53:56.651+03:00  INFO 7550 --- [           main] o.f.c.internal.license.VersionPrinter    : See release notes here: https://rd.gt/416ObMi
2023-11-12T03:53:56.652+03:00  INFO 7550 --- [           main] o.f.c.internal.license.VersionPrinter    : 
2023-11-12T03:53:56.672+03:00  INFO 7550 --- [           main] com.zaxxer.hikari.HikariDataSource       : HikariPool-1 - Starting...
2023-11-12T03:53:57.150+03:00  INFO 7550 --- [           main] com.zaxxer.hikari.pool.HikariPool        : HikariPool-1 - Added connection conn0: url=jdbc:h2:file:./data/demo user=SA
2023-11-12T03:53:57.154+03:00  INFO 7550 --- [           main] com.zaxxer.hikari.HikariDataSource       : HikariPool-1 - Start completed.
2023-11-12T03:53:57.170+03:00  INFO 7550 --- [           main] o.f.c.i.database.base.BaseDatabaseType   : Database: jdbc:h2:file:./data/demo (H2 2.1)
2023-11-12T03:53:57.296+03:00  INFO 7550 --- [           main] o.f.core.internal.command.DbValidate     : Successfully validated 13 migrations (execution time 00:00.049s)
2023-11-12T03:53:57.309+03:00  INFO 7550 --- [           main] o.f.core.internal.command.DbMigrate      : Current version of schema "PUBLIC": 6.0
2023-11-12T03:53:57.330+03:00  INFO 7550 --- [           main] o.f.core.internal.command.DbMigrate      : Migrating schema "PUBLIC" to version "6.1 - add columns into employee"
2023-11-12T03:53:57.394+03:00  INFO 7550 --- [           main] o.f.core.internal.command.DbMigrate      : Successfully applied 1 migration to schema "PUBLIC", now at version v6.1 (execution time 00:00.090s)
2023-11-12T03:53:57.597+03:00  INFO 7550 --- [           main] o.hibernate.jpa.internal.util.LogHelper  : HHH000204: Processing PersistenceUnitInfo [name: default]
2023-11-12T03:53:57.754+03:00  INFO 7550 --- [           main] org.hibernate.Version                    : HHH000412: Hibernate ORM core version 6.2.13.Final
2023-11-12T03:53:57.759+03:00  INFO 7550 --- [           main] org.hibernate.cfg.Environment            : HHH000406: Using bytecode reflection optimizer
2023-11-12T03:53:58.343+03:00  INFO 7550 --- [           main] o.s.o.j.p.SpringPersistenceUnitInfo      : No LoadTimeWeaver setup: ignoring JPA class transformer
2023-11-12T03:53:58.424+03:00  WARN 7550 --- [           main] org.hibernate.orm.deprecation            : HHH90000025: H2Dialect does not need to be specified explicitly using 'hibernate.dialect' (remove the property setting and it will be selected by default)
2023-11-12T03:53:59.726+03:00  INFO 7550 --- [           main] o.h.e.t.j.p.i.JtaPlatformInitiator       : HHH000489: No JTA platform available (set 'hibernate.transaction.jta.platform' to enable JTA platform integration)
2023-11-12T03:53:59.729+03:00  INFO 7550 --- [           main] j.LocalContainerEntityManagerFactoryBean : Initialized JPA EntityManagerFactory for persistence unit 'default'
2023-11-12T03:54:00.084+03:00  INFO 7550 --- [           main] o.s.d.j.r.query.QueryEnhancerFactory     : Hibernate is in classpath; If applicable, HQL parser will be used.
2023-11-12T03:54:01.335+03:00  WARN 7550 --- [           main] JpaBaseConfiguration$JpaWebConfiguration : spring.jpa.open-in-view is enabled by default. Therefore, database queries may be performed during view rendering. Explicitly configure spring.jpa.open-in-view to disable this warning
2023-11-12T03:54:02.008+03:00  WARN 7550 --- [           main] ion$DefaultTemplateResolverConfiguration : Cannot find template location: classpath:/templates/ (please add some templates, check your Thymeleaf configuration, or set spring.thymeleaf.check-template-location=false)
2023-11-12T03:54:02.200+03:00  INFO 7550 --- [           main] o.s.b.a.h2.H2ConsoleAutoConfiguration    : H2 console available at '/h2-console'. Database available at 'jdbc:h2:file:./data/demo'
2023-11-12T03:54:02.250+03:00  INFO 7550 --- [           main] .e.d.DistributionOfTasksApplicationTests : Started DistributionOfTasksApplicationTests in 8.325 seconds (process running for 10.122)
Краснодар, Красная, д. 139
2023-11-12T03:54:03.712+03:00  WARN 7550 --- [           main] o.a.h.c.protocol.ResponseProcessCookies  : Invalid cookie header: "Set-Cookie: _yasc=6CW+B1zLAZuZ0nIYwqKq+PtEnqXsS6maZc8ywSOXkAM2k3mwWZR7qr4WAuMj1o8adA==; domain=.yandex.ru; path=/; expires=Wed, 09 Nov 2033 00:52:55 GMT; secure". Invalid 'expires' attribute: Wed, 09 Nov 2033 00:52:55 GMT
Краснодар, В.Н. Мачуги, 41
2023-11-12T03:54:03.970+03:00  WARN 7550 --- [           main] o.a.h.c.protocol.ResponseProcessCookies  : Invalid cookie header: "Set-Cookie: _yasc=V6wfCbvgHv7P05t+3SBCsKKV8a6HD+c0PXGT0pPubFqJiLYnKwcKZB6MvlYP8uQTyg==; domain=.yandex.ru; path=/; expires=Wed, 09 Nov 2033 00:52:55 GMT; secure". Invalid 'expires' attribute: Wed, 09 Nov 2033 00:52:55 GMT
г. Краснодар, ул. им. Атарбекова, д. 24
2023-11-12T03:54:04.183+03:00  WARN 7550 --- [           main] o.a.h.c.protocol.ResponseProcessCookies  : Invalid cookie header: "Set-Cookie: _yasc=gPewsX2eQd6V2CLIuc/yz9rjqXeM75CSJ7eFQiStJQQq3PtHkyuITmJATPFOHGHm; domain=.yandex.ru; path=/; expires=Wed, 09 Nov 2033 00:52:55 GMT; secure". Invalid 'expires' attribute: Wed, 09 Nov 2033 00:52:55 GMT
г. Краснодар, ул. им. Тургенева, д. 106
2023-11-12T03:54:04.389+03:00  WARN 7550 --- [           main] o.a.h.c.protocol.ResponseProcessCookies  : Invalid cookie header: "Set-Cookie: _yasc=eoWPseB78WDfd10Bzg1Ytt43uxdEnU9NKsoRXApHWCurPkWc7JAKPUdN+4kLAmJC; domain=.yandex.ru; path=/; expires=Wed, 09 Nov 2033 00:52:55 GMT; secure". Invalid 'expires' attribute: Wed, 09 Nov 2033 00:52:55 GMT
г. Краснодар, ул. Красных Партизан, д. 117
2023-11-12T03:54:04.752+03:00  WARN 7550 --- [           main] o.a.h.c.protocol.ResponseProcessCookies  : Invalid cookie header: "Set-Cookie: _yasc=KSjDQX7IX2w919S8VxohcCG92+RXOxOZRAEfapvIFG80hYSiFQ/JBocNEYEoY2y0; domain=.yandex.ru; path=/; expires=Wed, 09 Nov 2033 00:52:56 GMT; secure". Invalid 'expires' attribute: Wed, 09 Nov 2033 00:52:56 GMT
г. Краснодар, ул. Северная, д. 389
2023-11-12T03:54:05.000+03:00  WARN 7550 --- [           main] o.a.h.c.protocol.ResponseProcessCookies  : Invalid cookie header: "Set-Cookie: _yasc=A6fDD7C/1bchi0QHrVGTicuzb9DwzW//7VciUBKsPCfFkB2NHa8/lkLbCRje1guK; domain=.yandex.ru; path=/; expires=Wed, 09 Nov 2033 00:52:56 GMT; secure". Invalid 'expires' attribute: Wed, 09 Nov 2033 00:52:56 GMT
Response{protocol=h2, code=200, message=, url=https://graphhopper.com/api/1/matrix?point=45.04496,38.977047&point=45.012835,39.071711&point=45.059128,38.949172&point=45.052175,38.959835&point=45.063381,38.919267&point=45.037706,38.993378&type=json&profile=car&out_array=times&key=b2d8183e-d8e3-4540-91f5-0cb44d19c827}
MatrixWeightsAnswer(distances=null, times=[[0, 1135, 526, 292, 492, 277], [998, 0, 1381, 1147, 1348, 786], [504, 1562, 0, 270, 318, 712], [286, 1342, 272, 0, 239, 492], [480, 1537, 330, 246, 0, 688], [212, 1053, 595, 361, 562, 0]], weights=null)
]]></system-out>
  </testcase>
</testsuite>